<?xml version="1.0" encoding="UTF-8"?>
<testsuite xmlns:xsi="http://www.w3.org/2001/XMLSchema-instance" xsi:noNamespaceSchemaLocation="https://maven.apache.org/surefire/maven-surefire-plugin/xsd/surefire-test-report-3.0.xsd" version="3.0" name="com.unittest.todo.TodosApiExpectedTest" time="3.081" tests="15" errors="0" skipped="0" failures="5">
  <properties>
[...]
</properties>
  <testcase name="optionsTodos" classname="com.unittest.todo.TodosApiExpectedTest" time="1.37">
    <system-err><![CDATA[Oct 07, 2025 11:13:28 PM org.junit.jupiter.engine.config.InstantiatingConfigurationParameterConverter logFailureMessage
WARNING: Failed to load default class orderer class 'random' set via the 'junit.jupiter.testclass.order.default' configuration parameter. Falling back to default behavior.
java.lang.ClassNotFoundException: random
	at java.base/jdk.internal.loader.BuiltinClassLoader.loadClass(BuiltinClassLoader.java:641)
	at java.base/jdk.internal.loader.ClassLoaders$AppClassLoader.loadClass(ClassLoaders.java:188)
	at java.base/java.lang.ClassLoader.loadClass(ClassLoader.java:528)
	at java.base/java.lang.Class.forName0(Native Method)
	at java.base/java.lang.Class.forName(Class.java:578)
	at java.base/java.lang.Class.forName(Class.java:557)
	at org.junit.platform.commons.util.ReflectionUtils.lambda$tryToLoadClass$9(ReflectionUtils.java:832)
	at org.junit.platform.commons.function.Try.lambda$call$0(Try.java:57)
	at org.junit.platform.commons.function.Try.of(Try.java:93)
	at org.junit.platform.commons.function.Try.call(Try.java:57)
	at org.junit.platform.commons.util.ReflectionUtils.tryToLoadClass(ReflectionUtils.java:795)
	at org.junit.platform.commons.util.ReflectionUtils.tryToLoadClass(ReflectionUtils.java:751)
	at org.junit.jupiter.engine.config.InstantiatingConfigurationParameterConverter.newInstanceSupplier(InstantiatingConfigurationParameterConverter.java:52)
	at org.junit.jupiter.engine.config.InstantiatingConfigurationParameterConverter.lambda$supply$1(InstantiatingConfigurationParameterConverter.java:46)
	at java.base/java.util.Optional.map(Optional.java:260)
	at org.junit.jupiter.engine.config.InstantiatingConfigurationParameterConverter.supply(InstantiatingConfigurationParameterConverter.java:46)
	at org.junit.jupiter.engine.config.InstantiatingConfigurationParameterConverter.get(InstantiatingConfigurationParameterConverter.java:38)
	at org.junit.jupiter.engine.config.DefaultJupiterConfiguration.getDefaultTestClassOrderer(DefaultJupiterConfiguration.java:129)
	at org.junit.jupiter.engine.config.CachingJupiterConfiguration.lambda$getDefaultTestClassOrderer$8(CachingJupiterConfiguration.java:112)
	at java.base/java.util.concurrent.ConcurrentHashMap.computeIfAbsent(ConcurrentHashMap.java:1745)
	at org.junit.jupiter.engine.config.CachingJupiterConfiguration.getDefaultTestClassOrderer(CachingJupiterConfiguration.java:111)
	at org.junit.jupiter.engine.discovery.ClassOrderingVisitor.visit(ClassOrderingVisitor.java:40)
	at org.junit.platform.engine.TestDescriptor.accept(TestDescriptor.java:272)
	at java.base/java.util.ArrayList.forEach(ArrayList.java:1597)
	at org.junit.platform.engine.support.discovery.EngineDiscoveryRequestResolution.run(EngineDiscoveryRequestResolution.java:85)
	at org.junit.platform.engine.support.discovery.EngineDiscoveryRequestResolver.resolve(EngineDiscoveryRequestResolver.java:113)
	at org.junit.jupiter.engine.discovery.DiscoverySelectorResolver.resolveSelectors(DiscoverySelectorResolver.java:46)
	at org.junit.jupiter.engine.JupiterTestEngine.discover(JupiterTestEngine.java:69)
	at org.junit.platform.launcher.core.EngineDiscoveryOrchestrator.discoverEngineRoot(EngineDiscoveryOrchestrator.java:152)
	at org.junit.platform.launcher.core.EngineDiscoveryOrchestrator.discoverSafely(EngineDiscoveryOrchestrator.java:132)
	at org.junit.platform.launcher.core.EngineDiscoveryOrchestrator.discover(EngineDiscoveryOrchestrator.java:107)
	at org.junit.platform.launcher.core.EngineDiscoveryOrchestrator.discover(EngineDiscoveryOrchestrator.java:78)
	at org.junit.platform.launcher.core.DefaultLauncher.discover(DefaultLauncher.java:99)
	at org.junit.platform.launcher.core.DefaultLauncher.discover(DefaultLauncher.java:77)
	at org.junit.platform.launcher.core.DelegatingLauncher.discover(DelegatingLauncher.java:42)
	at org.apache.maven.surefire.junitplatform.LazyLauncher.discover(LazyLauncher.java:50)
	at org.apache.maven.surefire.junitplatform.TestPlanScannerFilter.accept(TestPlanScannerFilter.java:52)
	at org.apache.maven.surefire.api.util.DefaultScanResult.applyFilter(DefaultScanResult.java:87)
	at org.apache.maven.surefire.junitplatform.JUnitPlatformProvider.scanClasspath(JUnitPlatformProvider.java:142)
	at org.apache.maven.surefire.junitplatform.JUnitPlatformProvider.invoke(JUnitPlatformProvider.java:122)
	at org.apache.maven.surefire.booter.ForkedBooter.runSuitesInProcess(ForkedBooter.java:385)
	at org.apache.maven.surefire.booter.ForkedBooter.execute(ForkedBooter.java:162)
	at org.apache.maven.surefire.booter.ForkedBooter.run(ForkedBooter.java:507)
	at org.apache.maven.surefire.booter.ForkedBooter.main(ForkedBooter.java:495)

Oct 07, 2025 11:13:28 PM org.junit.jupiter.engine.config.InstantiatingConfigurationParameterConverter logFailureMessage
WARNING: Failed to load default method orderer class 'random' set via the 'junit.jupiter.testmethod.order.default' configuration parameter. Falling back to default behavior.
java.lang.ClassNotFoundException: random
	at java.base/jdk.internal.loader.BuiltinClassLoader.loadClass(BuiltinClassLoader.java:641)
	at java.base/jdk.internal.loader.ClassLoaders$AppClassLoader.loadClass(ClassLoaders.java:188)
	at java.base/java.lang.ClassLoader.loadClass(ClassLoader.java:528)
	at java.base/java.lang.Class.forName0(Native Method)
	at java.base/java.lang.Class.forName(Class.java:578)
	at java.base/java.lang.Class.forName(Class.java:557)
	at org.junit.platform.commons.util.ReflectionUtils.lambda$tryToLoadClass$9(ReflectionUtils.java:832)
	at org.junit.platform.commons.function.Try.lambda$call$0(Try.java:57)
	at org.junit.platform.commons.function.Try.of(Try.java:93)
	at org.junit.platform.commons.function.Try.call(Try.java:57)
	at org.junit.platform.commons.util.ReflectionUtils.tryToLoadClass(ReflectionUtils.java:795)
	at org.junit.platform.commons.util.ReflectionUtils.tryToLoadClass(ReflectionUtils.java:751)
	at org.junit.jupiter.engine.config.InstantiatingConfigurationParameterConverter.newInstanceSupplier(InstantiatingConfigurationParameterConverter.java:52)
	at org.junit.jupiter.engine.config.InstantiatingConfigurationParameterConverter.lambda$supply$1(InstantiatingConfigurationParameterConverter.java:46)
	at java.base/java.util.Optional.map(Optional.java:260)
	at org.junit.jupiter.engine.config.InstantiatingConfigurationParameterConverter.supply(InstantiatingConfigurationParameterConverter.java:46)
	at org.junit.jupiter.engine.config.InstantiatingConfigurationParameterConverter.get(InstantiatingConfigurationParameterConverter.java:38)
	at org.junit.jupiter.engine.config.DefaultJupiterConfiguration.getDefaultTestMethodOrderer(DefaultJupiterConfiguration.java:124)
	at org.junit.jupiter.engine.config.CachingJupiterConfiguration.lambda$getDefaultTestMethodOrderer$7(CachingJupiterConfiguration.java:105)
	at java.base/java.util.concurrent.ConcurrentHashMap.computeIfAbsent(ConcurrentHashMap.java:1713)
	at org.junit.jupiter.engine.config.CachingJupiterConfiguration.getDefaultTestMethodOrderer(CachingJupiterConfiguration.java:104)
	at java.base/java.util.Optional.orElseGet(Optional.java:364)
	at org.junit.jupiter.engine.discovery.MethodOrderingVisitor.orderContainedMethods(MethodOrderingVisitor.java:55)
	at org.junit.jupiter.engine.discovery.MethodOrderingVisitor.lambda$visit$0(MethodOrderingVisitor.java:43)
	at org.junit.jupiter.engine.discovery.AbstractOrderingVisitor.doWithMatchingDescriptor(AbstractOrderingVisitor.java:51)
	at org.junit.jupiter.engine.discovery.MethodOrderingVisitor.visit(MethodOrderingVisitor.java:42)
	at org.junit.platform.engine.TestDescriptor.accept(TestDescriptor.java:272)
	at org.junit.platform.engine.TestDescriptor.lambda$accept$0(TestDescriptor.java:274)
	at java.base/java.lang.Iterable.forEach(Iterable.java:75)
	at org.junit.platform.engine.TestDescriptor.accept(TestDescriptor.java:274)
	at java.base/java.util.ArrayList.forEach(ArrayList.java:1597)
	at org.junit.platform.engine.support.discovery.EngineDiscoveryRequestResolution.run(EngineDiscoveryRequestResolution.java:85)
	at org.junit.platform.engine.support.discovery.EngineDiscoveryRequestResolver.resolve(EngineDiscoveryRequestResolver.java:113)
	at org.junit.jupiter.engine.discovery.DiscoverySelectorResolver.resolveSelectors(DiscoverySelectorResolver.java:46)
	at org.junit.jupiter.engine.JupiterTestEngine.discover(JupiterTestEngine.java:69)
	at org.junit.platform.launcher.core.EngineDiscoveryOrchestrator.discoverEngineRoot(EngineDiscoveryOrchestrator.java:152)
	at org.junit.platform.launcher.core.EngineDiscoveryOrchestrator.discoverSafely(EngineDiscoveryOrchestrator.java:132)
	at org.junit.platform.launcher.core.EngineDiscoveryOrchestrator.discover(EngineDiscoveryOrchestrator.java:107)
	at org.junit.platform.launcher.core.EngineDiscoveryOrchestrator.discover(EngineDiscoveryOrchestrator.java:78)
	at org.junit.platform.launcher.core.DefaultLauncher.discover(DefaultLauncher.java:99)
	at org.junit.platform.launcher.core.DefaultLauncher.discover(DefaultLauncher.java:77)
	at org.junit.platform.launcher.core.DelegatingLauncher.discover(DelegatingLauncher.java:42)
	at org.apache.maven.surefire.junitplatform.LazyLauncher.discover(LazyLauncher.java:50)
	at org.apache.maven.surefire.junitplatform.TestPlanScannerFilter.accept(TestPlanScannerFilter.java:52)
	at org.apache.maven.surefire.api.util.DefaultScanResult.applyFilter(DefaultScanResult.java:87)
	at org.apache.maven.surefire.junitplatform.JUnitPlatformProvider.scanClasspath(JUnitPlatformProvider.java:142)
	at org.apache.maven.surefire.junitplatform.JUnitPlatformProvider.invoke(JUnitPlatformProvider.java:122)
	at org.apache.maven.surefire.booter.ForkedBooter.runSuitesInProcess(ForkedBooter.java:385)
	at org.apache.maven.surefire.booter.ForkedBooter.execute(ForkedBooter.java:162)
	at org.apache.maven.surefire.booter.ForkedBooter.run(ForkedBooter.java:507)
	at org.apache.maven.surefire.booter.ForkedBooter.main(ForkedBooter.java:495)

Oct 07, 2025 11:13:28 PM org.junit.jupiter.engine.config.InstantiatingConfigurationParameterConverter logFailureMessage
WARNING: Failed to load default class orderer class 'random' set via the 'junit.jupiter.testclass.order.default' configuration parameter. Falling back to default behavior.
java.lang.ClassNotFoundException: random
	at java.base/jdk.internal.loader.BuiltinClassLoader.loadClass(BuiltinClassLoader.java:641)
	at java.base/jdk.internal.loader.ClassLoaders$AppClassLoader.loadClass(ClassLoaders.java:188)
	at java.base/java.lang.ClassLoader.loadClass(ClassLoader.java:528)
	at java.base/java.lang.Class.forName0(Native Method)
	at java.base/java.lang.Class.forName(Class.java:578)
	at java.base/java.lang.Class.forName(Class.java:557)
	at org.junit.platform.commons.util.ReflectionUtils.lambda$tryToLoadClass$9(ReflectionUtils.java:832)
	at org.junit.platform.commons.function.Try.lambda$call$0(Try.java:57)
	at org.junit.platform.commons.function.Try.of(Try.java:93)
	at org.junit.platform.commons.function.Try.call(Try.java:57)
	at org.junit.platform.commons.util.ReflectionUtils.tryToLoadClass(ReflectionUtils.java:795)
	at org.junit.platform.commons.util.ReflectionUtils.tryToLoadClass(ReflectionUtils.java:751)
	at org.junit.jupiter.engine.config.InstantiatingConfigurationParameterConverter.newInstanceSupplier(InstantiatingConfigurationParameterConverter.java:52)
	at org.junit.jupiter.engine.config.InstantiatingConfigurationParameterConverter.lambda$supply$1(InstantiatingConfigurationParameterConverter.java:46)
	at java.base/java.util.Optional.map(Optional.java:260)
	at org.junit.jupiter.engine.config.InstantiatingConfigurationParameterConverter.supply(InstantiatingConfigurationParameterConverter.java:46)
	at org.junit.jupiter.engine.config.InstantiatingConfigurationParameterConverter.get(InstantiatingConfigurationParameterConverter.java:38)
	at org.junit.jupiter.engine.config.DefaultJupiterConfiguration.getDefaultTestClassOrderer(DefaultJupiterConfiguration.java:129)
	at org.junit.jupiter.engine.config.CachingJupiterConfiguration.lambda$getDefaultTestClassOrderer$8(CachingJupiterConfiguration.java:112)
	at java.base/java.util.concurrent.ConcurrentHashMap.computeIfAbsent(ConcurrentHashMap.java:1745)
	at org.junit.jupiter.engine.config.CachingJupiterConfiguration.getDefaultTestClassOrderer(CachingJupiterConfiguration.java:111)
	at org.junit.jupiter.engine.discovery.ClassOrderingVisitor.visit(ClassOrderingVisitor.java:40)
	at org.junit.platform.engine.TestDescriptor.accept(TestDescriptor.java:272)
	at java.base/java.util.ArrayList.forEach(ArrayList.java:1597)
	at org.junit.platform.engine.support.discovery.EngineDiscoveryRequestResolution.run(EngineDiscoveryRequestResolution.java:85)
	at org.junit.platform.engine.support.discovery.EngineDiscoveryRequestResolver.resolve(EngineDiscoveryRequestResolver.java:113)
	at org.junit.jupiter.engine.discovery.DiscoverySelectorResolver.resolveSelectors(DiscoverySelectorResolver.java:46)
	at org.junit.jupiter.engine.JupiterTestEngine.discover(JupiterTestEngine.java:69)
	at org.junit.platform.launcher.core.EngineDiscoveryOrchestrator.discoverEngineRoot(EngineDiscoveryOrchestrator.java:152)
	at org.junit.platform.launcher.core.EngineDiscoveryOrchestrator.discoverSafely(EngineDiscoveryOrchestrator.java:132)
	at org.junit.platform.launcher.core.EngineDiscoveryOrchestrator.discover(EngineDiscoveryOrchestrator.java:107)
	at org.junit.platform.launcher.core.EngineDiscoveryOrchestrator.discover(EngineDiscoveryOrchestrator.java:78)
	at org.junit.platform.launcher.core.DefaultLauncher.discover(DefaultLauncher.java:99)
	at org.junit.platform.launcher.core.DefaultLauncher.execute(DefaultLauncher.java:85)
	at org.junit.platform.launcher.core.DelegatingLauncher.execute(DelegatingLauncher.java:47)
	at org.apache.maven.surefire.junitplatform.LazyLauncher.execute(LazyLauncher.java:56)
	at org.apache.maven.surefire.junitplatform.JUnitPlatformProvider.execute(JUnitPlatformProvider.java:184)
	at org.apache.maven.surefire.junitplatform.JUnitPlatformProvider.invokeAllTests(JUnitPlatformProvider.java:148)
	at org.apache.maven.surefire.junitplatform.JUnitPlatformProvider.invoke(JUnitPlatformProvider.java:122)
	at org.apache.maven.surefire.booter.ForkedBooter.runSuitesInProcess(ForkedBooter.java:385)
	at org.apache.maven.surefire.booter.ForkedBooter.execute(ForkedBooter.java:162)
	at org.apache.maven.surefire.booter.ForkedBooter.run(ForkedBooter.java:507)
	at org.apache.maven.surefire.booter.ForkedBooter.main(ForkedBooter.java:495)

Oct 07, 2025 11:13:28 PM org.junit.jupiter.engine.config.InstantiatingConfigurationParameterConverter logFailureMessage
WARNING: Failed to load default method orderer class 'random' set via the 'junit.jupiter.testmethod.order.default' configuration parameter. Falling back to default behavior.
java.lang.ClassNotFoundException: random
	at java.base/jdk.internal.loader.BuiltinClassLoader.loadClass(BuiltinClassLoader.java:641)
	at java.base/jdk.internal.loader.ClassLoaders$AppClassLoader.loadClass(ClassLoaders.java:188)
	at java.base/java.lang.ClassLoader.loadClass(ClassLoader.java:528)
	at java.base/java.lang.Class.forName0(Native Method)
	at java.base/java.lang.Class.forName(Class.java:578)
	at java.base/java.lang.Class.forName(Class.java:557)
	at org.junit.platform.commons.util.ReflectionUtils.lambda$tryToLoadClass$9(ReflectionUtils.java:832)
	at org.junit.platform.commons.function.Try.lambda$call$0(Try.java:57)
	at org.junit.platform.commons.function.Try.of(Try.java:93)
	at org.junit.platform.commons.function.Try.call(Try.java:57)
	at org.junit.platform.commons.util.ReflectionUtils.tryToLoadClass(ReflectionUtils.java:795)
	at org.junit.platform.commons.util.ReflectionUtils.tryToLoadClass(ReflectionUtils.java:751)
	at org.junit.jupiter.engine.config.InstantiatingConfigurationParameterConverter.newInstanceSupplier(InstantiatingConfigurationParameterConverter.java:52)
	at org.junit.jupiter.engine.config.InstantiatingConfigurationParameterConverter.lambda$supply$1(InstantiatingConfigurationParameterConverter.java:46)
	at java.base/java.util.Optional.map(Optional.java:260)
	at org.junit.jupiter.engine.config.InstantiatingConfigurationParameterConverter.supply(InstantiatingConfigurationParameterConverter.java:46)
	at org.junit.jupiter.engine.config.InstantiatingConfigurationParameterConverter.get(InstantiatingConfigurationParameterConverter.java:38)
	at org.junit.jupiter.engine.config.DefaultJupiterConfiguration.getDefaultTestMethodOrderer(DefaultJupiterConfiguration.java:124)
	at org.junit.jupiter.engine.config.CachingJupiterConfiguration.lambda$getDefaultTestMethodOrderer$7(CachingJupiterConfiguration.java:105)
	at java.base/java.util.concurrent.ConcurrentHashMap.computeIfAbsent(ConcurrentHashMap.java:1713)
	at org.junit.jupiter.engine.config.CachingJupiterConfiguration.getDefaultTestMethodOrderer(CachingJupiterConfiguration.java:104)
	at java.base/java.util.Optional.orElseGet(Optional.java:364)
	at org.junit.jupiter.engine.discovery.MethodOrderingVisitor.orderContainedMethods(MethodOrderingVisitor.java:55)
	at org.junit.jupiter.engine.discovery.MethodOrderingVisitor.lambda$visit$0(MethodOrderingVisitor.java:43)
	at org.junit.jupiter.engine.discovery.AbstractOrderingVisitor.doWithMatchingDescriptor(AbstractOrderingVisitor.java:51)
	at org.junit.jupiter.engine.discovery.MethodOrderingVisitor.visit(MethodOrderingVisitor.java:42)
	at org.junit.platform.engine.TestDescriptor.accept(TestDescriptor.java:272)
	at org.junit.platform.engine.TestDescriptor.lambda$accept$0(TestDescriptor.java:274)
	at java.base/java.lang.Iterable.forEach(Iterable.java:75)
	at org.junit.platform.engine.TestDescriptor.accept(TestDescriptor.java:274)
	at java.base/java.util.ArrayList.forEach(ArrayList.java:1597)
	at org.junit.platform.engine.support.discovery.EngineDiscoveryRequestResolution.run(EngineDiscoveryRequestResolution.java:85)
	at org.junit.platform.engine.support.discovery.EngineDiscoveryRequestResolver.resolve(EngineDiscoveryRequestResolver.java:113)
	at org.junit.jupiter.engine.discovery.DiscoverySelectorResolver.resolveSelectors(DiscoverySelectorResolver.java:46)
	at org.junit.jupiter.engine.JupiterTestEngine.discover(JupiterTestEngine.java:69)
	at org.junit.platform.launcher.core.EngineDiscoveryOrchestrator.discoverEngineRoot(EngineDiscoveryOrchestrator.java:152)
	at org.junit.platform.launcher.core.EngineDiscoveryOrchestrator.discoverSafely(EngineDiscoveryOrchestrator.java:132)
	at org.junit.platform.launcher.core.EngineDiscoveryOrchestrator.discover(EngineDiscoveryOrchestrator.java:107)
	at org.junit.platform.launcher.core.EngineDiscoveryOrchestrator.discover(EngineDiscoveryOrchestrator.java:78)
	at org.junit.platform.launcher.core.DefaultLauncher.discover(DefaultLauncher.java:99)
	at org.junit.platform.launcher.core.DefaultLauncher.execute(DefaultLauncher.java:85)
	at org.junit.platform.launcher.core.DelegatingLauncher.execute(DelegatingLauncher.java:47)
	at org.apache.maven.surefire.junitplatform.LazyLauncher.execute(LazyLauncher.java:56)
	at org.apache.maven.surefire.junitplatform.JUnitPlatformProvider.execute(JUnitPlatformProvider.java:184)
	at org.apache.maven.surefire.junitplatform.JUnitPlatformProvider.invokeAllTests(JUnitPlatformProvider.java:148)
	at org.apache.maven.surefire.junitplatform.JUnitPlatformProvider.invoke(JUnitPlatformProvider.java:122)
	at org.apache.maven.surefire.booter.ForkedBooter.runSuitesInProcess(ForkedBooter.java:385)
	at org.apache.maven.surefire.booter.ForkedBooter.execute(ForkedBooter.java:162)
	at org.apache.maven.surefire.booter.ForkedBooter.run(ForkedBooter.java:507)
	at org.apache.maven.surefire.booter.ForkedBooter.main(ForkedBooter.java:495)

]]></system-err>
  </testcase>
  <testcase name="postTodoJson" classname="com.unittest.todo.TodosApiExpectedTest" time="0.736"/>
  <testcase name="todoTasksofDetail" classname="com.unittest.todo.TodosApiExpectedTest" time="0.029">
    <failure message="expected: &lt;405&gt; but was: &lt;404&gt;" type="org.opentest4j.AssertionFailedError"><![CDATA[org.opentest4j.AssertionFailedError: expected: <405> but was: <404>
	at org.junit.jupiter.api.AssertionFailureBuilder.build(AssertionFailureBuilder.java:151)
	at org.junit.jupiter.api.AssertionFailureBuilder.buildAndThrow(AssertionFailureBuilder.java:132)
	at org.junit.jupiter.api.AssertEquals.failNotEqual(AssertEquals.java:197)
	at org.junit.jupiter.api.AssertEquals.assertEquals(AssertEquals.java:150)
	at org.junit.jupiter.api.AssertEquals.assertEquals(AssertEquals.java:145)
	at org.junit.jupiter.api.Assertions.assertEquals(Assertions.java:531)
	at com.unittest.todo.TodosApiExpectedTest.todoTasksofDetail(TodosApiTest.java:196)
	at java.base/java.lang.reflect.Method.invoke(Method.java:580)
	at java.base/java.util.ArrayList.forEach(ArrayList.java:1597)
	at java.base/java.util.ArrayList.forEach(ArrayList.java:1597)
]]></failure>
  </testcase>
  <testcase name="putTodosNotAllowed" classname="com.unittest.todo.TodosApiExpectedTest" time="0.008"/>
  <testcase name="todoCategoriesDetail" classname="com.unittest.todo.TodosApiExpectedTest" time="0.02">
    <failure message="expected: &lt;405&gt; but was: &lt;404&gt;" type="org.opentest4j.AssertionFailedError"><![CDATA[org.opentest4j.AssertionFailedError: expected: <405> but was: <404>
	at org.junit.jupiter.api.AssertionFailureBuilder.build(AssertionFailureBuilder.java:151)
	at org.junit.jupiter.api.AssertionFailureBuilder.buildAndThrow(AssertionFailureBuilder.java:132)
	at org.junit.jupiter.api.AssertEquals.failNotEqual(AssertEquals.java:197)
	at org.junit.jupiter.api.AssertEquals.assertEquals(AssertEquals.java:150)
	at org.junit.jupiter.api.AssertEquals.assertEquals(AssertEquals.java:145)
	at org.junit.jupiter.api.Assertions.assertEquals(Assertions.java:531)
	at com.unittest.todo.TodosApiExpectedTest.todoCategoriesDetail(TodosApiTest.java:163)
	at java.base/java.lang.reflect.Method.invoke(Method.java:580)
	at java.base/java.util.ArrayList.forEach(ArrayList.java:1597)
	at java.base/java.util.ArrayList.forEach(ArrayList.java:1597)
]]></failure>
  </testcase>
  <testcase name="getAllTodos" classname="com.unittest.todo.TodosApiExpectedTest" time="0.007"/>
  <testcase name="patchTodosNotAllowed" classname="com.unittest.todo.TodosApiExpectedTest" time="0.01"/>
  <testcase name="deleteTodosNotAllowed" classname="com.unittest.todo.TodosApiExpectedTest" time="0.009"/>
  <testcase name="headTodos" classname="com.unittest.todo.TodosApiExpectedTest" time="0.008"/>
  <testcase name="postTodoXmlVariants" classname="com.unittest.todo.TodosApiExpectedTest" time="0.025"/>
  <testcase name="todoCategories" classname="com.unittest.todo.TodosApiExpectedTest" time="0.07">
    <failure message="expected: &lt;true&gt; but was: &lt;false&gt;" type="org.opentest4j.AssertionFailedError"><![CDATA[org.opentest4j.AssertionFailedError: expected: <true> but was: <false>
	at org.junit.jupiter.api.AssertionFailureBuilder.build(AssertionFailureBuilder.java:151)
	at org.junit.jupiter.api.AssertionFailureBuilder.buildAndThrow(AssertionFailureBuilder.java:132)
	at org.junit.jupiter.api.AssertTrue.failNotTrue(AssertTrue.java:63)
	at org.junit.jupiter.api.AssertTrue.assertTrue(AssertTrue.java:36)
	at org.junit.jupiter.api.AssertTrue.assertTrue(AssertTrue.java:31)
	at org.junit.jupiter.api.Assertions.assertTrue(Assertions.java:183)
	at com.unittest.todo.TodosApiExpectedTest.todoCategories(TodosApiTest.java:151)
	at java.base/java.lang.reflect.Method.invoke(Method.java:580)
	at java.base/java.util.ArrayList.forEach(ArrayList.java:1597)
	at java.base/java.util.ArrayList.forEach(ArrayList.java:1597)
]]></failure>
  </testcase>
  <testcase name="getTodosAcceptJsonXml" classname="com.unittest.todo.TodosApiExpectedTest" time="0.029"/>
  <testcase name="todoByIdAndDeleteTwice" classname="com.unittest.todo.TodosApiExpectedTest" time="0.023">
    <failure message="expected: &lt;200&gt; but was: &lt;400&gt;" type="org.opentest4j.AssertionFailedError"><![CDATA[org.opentest4j.AssertionFailedError: expected: <200> but was: <400>
	at org.junit.jupiter.api.AssertionFailureBuilder.build(AssertionFailureBuilder.java:151)
	at org.junit.jupiter.api.AssertionFailureBuilder.buildAndThrow(AssertionFailureBuilder.java:132)
	at org.junit.jupiter.api.AssertEquals.failNotEqual(AssertEquals.java:197)
	at org.junit.jupiter.api.AssertEquals.assertEquals(AssertEquals.java:150)
	at org.junit.jupiter.api.AssertEquals.assertEquals(AssertEquals.java:145)
	at org.junit.jupiter.api.Assertions.assertEquals(Assertions.java:531)
	at com.unittest.todo.TodosApiExpectedTest.todoByIdAndDeleteTwice(TodosApiTest.java:128)
	at java.base/java.lang.reflect.Method.invoke(Method.java:580)
	at java.base/java.util.ArrayList.forEach(ArrayList.java:1597)
	at java.base/java.util.ArrayList.forEach(ArrayList.java:1597)
]]></failure>
  </testcase>
  <testcase name="postTodoMalformedJson" classname="com.unittest.todo.TodosApiExpectedTest" time="0.013"/>
  <testcase name="todoTasksof" classname="com.unittest.todo.TodosApiExpectedTest" time="0.058">
    <failure message="expected: &lt;true&gt; but was: &lt;false&gt;" type="org.opentest4j.AssertionFailedError"><![CDATA[org.opentest4j.AssertionFailedError: expected: <true> but was: <false>
	at org.junit.jupiter.api.AssertionFailureBuilder.build(AssertionFailureBuilder.java:151)
	at org.junit.jupiter.api.AssertionFailureBuilder.buildAndThrow(AssertionFailureBuilder.java:132)
	at org.junit.jupiter.api.AssertTrue.failNotTrue(AssertTrue.java:63)
	at org.junit.jupiter.api.AssertTrue.assertTrue(AssertTrue.java:36)
	at org.junit.jupiter.api.AssertTrue.assertTrue(AssertTrue.java:31)
	at org.junit.jupiter.api.Assertions.assertTrue(Assertions.java:183)
	at com.unittest.todo.TodosApiExpectedTest.todoTasksof(TodosApiTest.java:184)
	at java.base/java.lang.reflect.Method.invoke(Method.java:580)
	at java.base/java.util.ArrayList.forEach(ArrayList.java:1597)
	at java.base/java.util.ArrayList.forEach(ArrayList.java:1597)
]]></failure>
  </testcase>
</testsuite>