<?xml version="1.0" encoding="UTF-8"?>
<testsuite xmlns:xsi="http://www.w3.org/2001/XMLSchema-instance" xsi:noNamespaceSchemaLocation="https://maven.apache.org/surefire/maven-surefire-plugin/xsd/surefire-test-report-3.0.xsd" version="3.0" name="com.unittest.todo.TodosApiActualTest" time="0.382" tests="15" errors="0" skipped="0" failures="3">
  <properties>
[...]
</properties>
  <testcase name="optionsTodos" classname="com.unittest.todo.TodosApiActualTest" time="0.009"/>
  <testcase name="postTodoJson" classname="com.unittest.todo.TodosApiActualTest" time="0.044"/>
  <testcase name="todoTasksofDetail" classname="com.unittest.todo.TodosApiActualTest" time="0.021">
    <failure message="expected: &lt;404&gt; but was: &lt;405&gt;" type="org.opentest4j.AssertionFailedError"><![CDATA[org.opentest4j.AssertionFailedError: expected: <404> but was: <405>
	at org.junit.jupiter.api.AssertionFailureBuilder.build(AssertionFailureBuilder.java:151)
	at org.junit.jupiter.api.AssertionFailureBuilder.buildAndThrow(AssertionFailureBuilder.java:132)
	at org.junit.jupiter.api.AssertEquals.failNotEqual(AssertEquals.java:197)
	at org.junit.jupiter.api.AssertEquals.assertEquals(AssertEquals.java:150)
	at org.junit.jupiter.api.AssertEquals.assertEquals(AssertEquals.java:145)
	at org.junit.jupiter.api.Assertions.assertEquals(Assertions.java:531)
	at com.unittest.todo.TodosApiActualTest.todoTasksofDetail(TodosApiActualTest.java:171)
	at java.base/java.lang.reflect.Method.invoke(Method.java:580)
	at java.base/java.util.ArrayList.forEach(ArrayList.java:1597)
	at java.base/java.util.ArrayList.forEach(ArrayList.java:1597)
]]></failure>
  </testcase>
  <testcase name="putTodosNotAllowed" classname="com.unittest.todo.TodosApiActualTest" time="0.006"/>
  <testcase name="todoCategoriesDetail" classname="com.unittest.todo.TodosApiActualTest" time="0.019">
    <failure message="expected: &lt;404&gt; but was: &lt;405&gt;" type="org.opentest4j.AssertionFailedError"><![CDATA[org.opentest4j.AssertionFailedError: expected: <404> but was: <405>
	at org.junit.jupiter.api.AssertionFailureBuilder.build(AssertionFailureBuilder.java:151)
	at org.junit.jupiter.api.AssertionFailureBuilder.buildAndThrow(AssertionFailureBuilder.java:132)
	at org.junit.jupiter.api.AssertEquals.failNotEqual(AssertEquals.java:197)
	at org.junit.jupiter.api.AssertEquals.assertEquals(AssertEquals.java:150)
	at org.junit.jupiter.api.AssertEquals.assertEquals(AssertEquals.java:145)
	at org.junit.jupiter.api.Assertions.assertEquals(Assertions.java:531)
	at com.unittest.todo.TodosApiActualTest.todoCategoriesDetail(TodosApiActualTest.java:132)
	at java.base/java.lang.reflect.Method.invoke(Method.java:580)
	at java.base/java.util.ArrayList.forEach(ArrayList.java:1597)
	at java.base/java.util.ArrayList.forEach(ArrayList.java:1597)
]]></failure>
  </testcase>
  <testcase name="getAllTodos" classname="com.unittest.todo.TodosApiActualTest" time="0.005"/>
  <testcase name="patchTodosNotAllowed" classname="com.unittest.todo.TodosApiActualTest" time="0.005"/>
  <testcase name="deleteTodosNotAllowed" classname="com.unittest.todo.TodosApiActualTest" time="0.004"/>
  <testcase name="headTodos" classname="com.unittest.todo.TodosApiActualTest" time="0.004"/>
  <testcase name="postTodoXmlVariants" classname="com.unittest.todo.TodosApiActualTest" time="0.012"/>
  <testcase name="todoCategories" classname="com.unittest.todo.TodosApiActualTest" time="0.094"/>
  <testcase name="getTodosAcceptJsonXml" classname="com.unittest.todo.TodosApiActualTest" time="0.049"/>
  <testcase name="postTodoMalformedJson" classname="com.unittest.todo.TodosApiActualTest" time="0.006"/>
  <testcase name="todoByIdCrudAndDeleteTwice" classname="com.unittest.todo.TodosApiActualTest" time="0.017">
    <failure message="expected: &lt;200&gt; but was: &lt;400&gt;" type="org.opentest4j.AssertionFailedError"><![CDATA[org.opentest4j.AssertionFailedError: expected: <200> but was: <400>
	at org.junit.jupiter.api.AssertionFailureBuilder.build(AssertionFailureBuilder.java:151)
	at org.junit.jupiter.api.AssertionFailureBuilder.buildAndThrow(AssertionFailureBuilder.java:132)
	at org.junit.jupiter.api.AssertEquals.failNotEqual(AssertEquals.java:197)
	at org.junit.jupiter.api.AssertEquals.assertEquals(AssertEquals.java:150)
	at org.junit.jupiter.api.AssertEquals.assertEquals(AssertEquals.java:145)
	at org.junit.jupiter.api.Assertions.assertEquals(Assertions.java:531)
	at com.unittest.todo.TodosApiActualTest.todoByIdCrudAndDeleteTwice(TodosApiActualTest.java:85)
	at java.base/java.lang.reflect.Method.invoke(Method.java:580)
	at java.base/java.util.ArrayList.forEach(ArrayList.java:1597)
	at java.base/java.util.ArrayList.forEach(ArrayList.java:1597)
]]></failure>
  </testcase>
  <testcase name="todoTasksof" classname="com.unittest.todo.TodosApiActualTest" time="0.078"/>
</testsuite>